\BOOKMARK [1][-]{section*.2}{\376\377\000E\000x\000e\000c\000u\000t\000i\000v\000e\000\040\000S\000u\000m\000m\000a\000r\000y}{}% 1
\BOOKMARK [1][-]{section*.3}{\376\377\000A\000c\000r\000o\000n\000y\000m\000s}{}% 2
\BOOKMARK [1][-]{section*.4}{\376\377\000G\000l\000o\000s\000s\000a\000r\000y}{}% 3
\BOOKMARK [1][-]{section*.4}{\376\377\000L\000i\000s\000t\000\040\000o\000f\000\040\000F\000i\000g\000u\000r\000e\000s}{}% 4
\BOOKMARK [1][-]{section*.4}{\376\377\000L\000i\000s\000t\000\040\000o\000f\000\040\000T\000a\000b\000l\000e\000s}{}% 5
\BOOKMARK [1][-]{section.1}{\376\377\000I\000n\000t\000r\000o\000d\000u\000c\000t\000i\000o\000n}{}% 6
\BOOKMARK [2][-]{subsection.1.1}{\376\377\000M\000o\000t\000i\000v\000a\000t\000i\000o\000n}{section.1}% 7
\BOOKMARK [2][-]{subsection.1.2}{\376\377\000O\000b\000j\000e\000c\000t\000i\000v\000e\000s}{section.1}% 8
\BOOKMARK [2][-]{subsection.1.3}{\376\377\000S\000t\000r\000u\000c\000t\000u\000r\000e\000\040\000o\000f\000\040\000t\000h\000e\000\040\000R\000e\000p\000o\000r\000t}{section.1}% 9
\BOOKMARK [1][-]{section.2}{\376\377\000D\000o\000c\000u\000m\000e\000n\000t\000\040\000S\000t\000r\000u\000c\000t\000u\000r\000e}{}% 10
\BOOKMARK [1][-]{section.3}{\376\377\000S\000a\000m\000p\000l\000e\000\040\000S\000e\000c\000t\000i\000o\000n\000\040\000F\000o\000r\000\040\000L\000a\000t\000e\000x\000\040\000R\000e\000f\000e\000r\000e\000n\000c\000e}{}% 11
\BOOKMARK [2][-]{subsection.3.1}{\376\377\000F\000i\000g\000u\000r\000e}{section.3}% 12
\BOOKMARK [2][-]{subsection.3.2}{\376\377\000I\000t\000e\000m\000\040\000L\000i\000s\000t}{section.3}% 13
\BOOKMARK [3][-]{subsubsection.3.2.1}{\376\377\000A\000l\000g\000o\000r\000i\000t\000h\000m}{subsection.3.2}% 14
\BOOKMARK [1][-]{section.4}{\376\377\000H\000T\000T\000P}{}% 15
\BOOKMARK [2][-]{subsection.4.1}{\376\377\000H\000T\000T\000P\000\040\000H\000e\000a\000d\000e\000r\000s}{section.4}% 16
\BOOKMARK [2][-]{subsection.4.2}{\376\377\000H\000T\000T\000P\000\040\000M\000e\000t\000h\000o\000d\000s}{section.4}% 17
\BOOKMARK [2][-]{subsection.4.3}{\376\377\000H\000T\000T\000P\000S}{section.4}% 18
\BOOKMARK [1][-]{section.5}{\376\377\000S\000S\000L\000/\000T\000L\000S}{}% 19
\BOOKMARK [2][-]{subsection.5.1}{\376\377\000S\000e\000c\000u\000r\000i\000t\000y\000\040\000S\000e\000r\000v\000i\000c\000e\000s}{section.5}% 20
\BOOKMARK [3][-]{subsubsection.5.1.1}{\376\377\000C\000o\000n\000f\000i\000d\000e\000n\000t\000i\000a\000l\000i\000t\000y}{subsection.5.1}% 21
\BOOKMARK [3][-]{subsubsection.5.1.2}{\376\377\000D\000a\000t\000a\000\040\000o\000r\000i\000g\000i\000n\000\040\000a\000u\000t\000h\000e\000n\000t\000i\000c\000a\000t\000i\000o\000n}{subsection.5.1}% 22
\BOOKMARK [3][-]{subsubsection.5.1.3}{\376\377\000E\000n\000t\000i\000t\000y\000\040\000A\000u\000t\000h\000e\000n\000t\000i\000c\000a\000t\000i\000o\000n}{subsection.5.1}% 23
\BOOKMARK [3][-]{subsubsection.5.1.4}{\376\377\000P\000e\000r\000f\000e\000c\000t\000\040\000f\000o\000r\000w\000a\000r\000d\000\040\000s\000e\000c\000r\000e\000c\000y}{subsection.5.1}% 24
\BOOKMARK [2][-]{subsection.5.2}{\376\377\000V\000e\000r\000s\000i\000o\000n\000s}{section.5}% 25
\BOOKMARK [3][-]{subsubsection.5.2.1}{\376\377\000S\000S\000L\000\040\0002\000.\0000\000\040\000[\0001\0009\0009\0004\000]}{subsection.5.2}% 26
\BOOKMARK [3][-]{subsubsection.5.2.2}{\376\377\000S\000S\000L\000\040\0003\000.\0000\000\040\000[\0001\0009\0009\0005\000]}{subsection.5.2}% 27
\BOOKMARK [3][-]{subsubsection.5.2.3}{\376\377\000T\000L\000S\000\040\0001\000.\0000\000\040\000[\0001\0009\0009\0009\000]}{subsection.5.2}% 28
\BOOKMARK [3][-]{subsubsection.5.2.4}{\376\377\000T\000L\000S\000\040\0001\000.\0001\000\040\000[\0002\0000\0000\0006\000]}{subsection.5.2}% 29
\BOOKMARK [3][-]{subsubsection.5.2.5}{\376\377\000T\000S\000L\000\040\0001\000.\0002\000\040\000[\0002\0000\0000\0008\000]}{subsection.5.2}% 30
\BOOKMARK [3][-]{subsubsection.5.2.6}{\376\377\000T\000L\000S\000\040\0001\000.\0003\000\040\000[\0002\0000\0001\0008\000]}{subsection.5.2}% 31
\BOOKMARK [1][-]{section.6}{\376\377\000S\000a\000m\000e\000\040\000O\000r\000i\000g\000i\000n\000\040\000P\000o\000l\000i\000c\000y}{}% 32
\BOOKMARK [2][-]{subsection.6.1}{\376\377\000C\000r\000o\000s\000s\000\040\000O\000r\000i\000g\000i\000n\000\040\000N\000e\000t\000w\000o\000r\000k\000\040\000R\000e\000q\000u\000e\000s\000t\000s}{section.6}% 33
\BOOKMARK [2][-]{subsection.6.2}{\376\377\000C\000r\000o\000s\000s\000-\000O\000r\000i\000g\000i\000n\000-\000R\000e\000q\000u\000e\000s\000t\000-\000S\000h\000a\000r\000i\000n\000g}{section.6}% 34
\BOOKMARK [1][-]{section.7}{\376\377\000C\000r\000o\000s\000s\000\040\000O\000r\000i\000g\000i\000n\000\040\000R\000e\000q\000u\000e\000s\000t\000\040\000S\000h\000a\000r\000i\000n\000g}{}% 35
\BOOKMARK [2][-]{subsection.7.1}{\376\377\000R\000e\000s\000p\000o\000n\000s\000e\000\040\000H\000e\000a\000d\000e\000r\000s}{section.7}% 36
\BOOKMARK [3][-]{subsubsection.7.1.1}{\376\377\000A\000c\000c\000e\000s\000s\000-\000C\000o\000n\000t\000r\000o\000l\000-\000A\000l\000l\000o\000w\000-\000C\000r\000e\000d\000e\000n\000t\000i\000a\000l\000s}{subsection.7.1}% 37
\BOOKMARK [3][-]{subsubsection.7.1.2}{\376\377\000A\000c\000c\000e\000s\000s\000-\000C\000o\000n\000t\000r\000o\000l\000-\000A\000l\000l\000o\000w\000-\000H\000e\000a\000d\000e\000r\000s}{subsection.7.1}% 38
\BOOKMARK [3][-]{subsubsection.7.1.3}{\376\377\000A\000c\000c\000e\000s\000s\000-\000C\000o\000n\000t\000r\000o\000l\000-\000A\000l\000l\000o\000w\000-\000M\000e\000t\000h\000o\000d\000s}{subsection.7.1}% 39
\BOOKMARK [3][-]{subsubsection.7.1.4}{\376\377\000A\000c\000c\000e\000s\000s\000-\000C\000o\000n\000t\000r\000o\000l\000-\000A\000l\000l\000o\000w\000-\000O\000r\000i\000g\000i\000n}{subsection.7.1}% 40
\BOOKMARK [3][-]{subsubsection.7.1.5}{\376\377\000A\000c\000c\000e\000s\000s\000-\000C\000o\000n\000t\000r\000o\000l\000-\000E\000x\000p\000o\000s\000e\000-\000H\000e\000a\000d\000e\000r\000s}{subsection.7.1}% 41
\BOOKMARK [3][-]{subsubsection.7.1.6}{\376\377\000A\000c\000c\000e\000s\000s\000-\000C\000o\000n\000t\000r\000o\000l\000-\000M\000a\000x\000-\000A\000g\000e}{subsection.7.1}% 42
\BOOKMARK [2][-]{subsection.7.2}{\376\377\000R\000e\000q\000u\000e\000s\000t\000\040\000H\000e\000a\000d\000e\000r\000s}{section.7}% 43
\BOOKMARK [3][-]{subsubsection.7.2.1}{\376\377\000A\000c\000c\000e\000s\000s\000-\000C\000o\000n\000t\000r\000o\000l\000-\000R\000e\000q\000u\000e\000s\000t\000-\000H\000e\000a\000d\000e\000r\000s}{subsection.7.2}% 44
\BOOKMARK [3][-]{subsubsection.7.2.2}{\376\377\000A\000c\000c\000e\000s\000s\000-\000C\000o\000n\000t\000r\000o\000l\000-\000R\000e\000q\000u\000e\000s\000t\000-\000M\000e\000t\000h\000o\000d}{subsection.7.2}% 45
\BOOKMARK [1][-]{section.8}{\376\377\000C\000o\000n\000t\000e\000n\000t\000-\000S\000e\000c\000u\000r\000i\000t\000y\000-\000P\000o\000l\000i\000c\000y\000\040\000\050\000C\000S\000P\000\051}{}% 46
\BOOKMARK [2][-]{subsection.8.1}{\376\377\000C\000S\000P\000\040\000D\000e\000v\000e\000l\000o\000p\000m\000e\000n\000t}{section.8}% 47
\BOOKMARK [2][-]{subsection.8.2}{\376\377\000P\000o\000l\000i\000c\000y\000\040\000D\000e\000l\000i\000v\000e\000r\000y}{section.8}% 48
\BOOKMARK [2][-]{subsection.8.3}{\376\377\000C\000S\000P\000\040\000D\000i\000r\000e\000c\000t\000i\000v\000e}{section.8}% 49
\BOOKMARK [2][-]{subsection.8.4}{\376\377\000S\000e\000l\000e\000c\000t\000e\000d\000\040\000D\000i\000r\000e\000c\000t\000i\000v\000e\000s}{section.8}% 50
\BOOKMARK [2][-]{subsection.8.5}{\376\377\000F\000e\000t\000c\000h\000\040\000D\000i\000r\000e\000c\000t\000i\000v\000e\000\040\000V\000a\000l\000u\000e\000\040\000T\000y\000p\000e\000s}{section.8}% 51
\BOOKMARK [3][-]{subsubsection.8.5.1}{\376\377\000K\000e\000y\000w\000o\000r\000d}{subsection.8.5}% 52
\BOOKMARK [3][-]{subsubsection.8.5.2}{\376\377\000H\000o\000s\000t}{subsection.8.5}% 53
\BOOKMARK [3][-]{subsubsection.8.5.3}{\376\377\000S\000c\000h\000e\000m\000e}{subsection.8.5}% 54
\BOOKMARK [3][-]{subsubsection.8.5.4}{\376\377\000N\000o\000n\000c\000e}{subsection.8.5}% 55
\BOOKMARK [3][-]{subsubsection.8.5.5}{\376\377\000D\000i\000g\000e\000s\000t}{subsection.8.5}% 56
\BOOKMARK [2][-]{subsection.8.6}{\376\377\000R\000e\000p\000o\000r\000t\000i\000n\000g\000\040\000D\000i\000r\000e\000c\000t\000i\000v\000e\000s\000\040\000V\000a\000l\000u\000e\000\040\000T\000y\000p\000e\000s}{section.8}% 57
\BOOKMARK [3][-]{subsubsection.8.6.1}{\376\377\000r\000e\000p\000o\000r\000t\000-\000u\000r\000i}{subsection.8.6}% 58
\BOOKMARK [1][-]{section.9}{\376\377\000X\000-\000C\000o\000n\000t\000e\000n\000t\000-\000T\000y\000p\000e\000-\000O\000p\000t\000i\000o\000n\000s}{}% 59
\BOOKMARK [2][-]{subsection.9.1}{\376\377\000D\000i\000r\000e\000c\000t\000i\000v\000e\000s}{section.9}% 60
\BOOKMARK [3][-]{subsubsection.9.1.1}{\376\377\000n\000o\000s\000n\000i\000f\000f}{subsection.9.1}% 61
\BOOKMARK [1][-]{section.10}{\376\377\000A\000c\000c\000e\000s\000s\000-\000C\000o\000n\000t\000r\000o\000l\000-\000A\000l\000l\000o\000w\000-\000O\000r\000i\000g\000i\000n}{}% 62
\BOOKMARK [1][-]{section.11}{\376\377\000C\000r\000o\000s\000s\000-\000O\000r\000i\000g\000i\000n\000-\000E\000m\000b\000e\000d\000d\000e\000r\000-\000P\000o\000l\000i\000c\000y}{}% 63
\BOOKMARK [2][-]{subsection.11.1}{\376\377\000D\000i\000r\000e\000c\000t\000i\000v\000e\000s}{section.11}% 64
\BOOKMARK [3][-]{subsubsection.11.1.1}{\376\377\000r\000e\000q\000u\000i\000r\000e\000-\000c\000o\000r\000p}{subsection.11.1}% 65
\BOOKMARK [1][-]{section.12}{\376\377\000C\000r\000o\000s\000s\000-\000O\000r\000i\000g\000i\000n\000-\000R\000e\000s\000o\000u\000r\000c\000e\000-\000P\000o\000l\000i\000c\000y}{}% 66
\BOOKMARK [2][-]{subsection.12.1}{\376\377\000D\000i\000r\000e\000c\000t\000i\000v\000e\000s}{section.12}% 67
\BOOKMARK [3][-]{subsubsection.12.1.1}{\376\377\000s\000a\000m\000e\000-\000s\000i\000t\000e}{subsection.12.1}% 68
\BOOKMARK [3][-]{subsubsection.12.1.2}{\376\377\000s\000a\000m\000e\000-\000o\000r\000i\000g\000i\000n}{subsection.12.1}% 69
\BOOKMARK [3][-]{subsubsection.12.1.3}{\376\377\000c\000r\000o\000s\000s\000-\000o\000r\000i\000g\000i\000n}{subsection.12.1}% 70
\BOOKMARK [1][-]{section.13}{\376\377\000C\000r\000o\000s\000s\000-\000O\000r\000i\000g\000i\000n\000-\000O\000p\000e\000n\000e\000r\000-\000P\000o\000l\000i\000c\000y}{}% 71
\BOOKMARK [2][-]{subsection.13.1}{\376\377\000D\000i\000r\000e\000c\000t\000i\000v\000e\000s}{section.13}% 72
\BOOKMARK [3][-]{subsubsection.13.1.1}{\376\377\000u\000n\000s\000a\000f\000e\000-\000n\000o\000n\000e}{subsection.13.1}% 73
\BOOKMARK [3][-]{subsubsection.13.1.2}{\376\377\000s\000a\000m\000e\000-\000o\000r\000i\000g\000i\000n\000-\000a\000l\000l\000o\000w\000-\000p\000o\000p\000u\000p\000s}{subsection.13.1}% 74
\BOOKMARK [3][-]{subsubsection.13.1.3}{\376\377\000s\000a\000m\000e\000-\000o\000r\000i\000g\000i\000n}{subsection.13.1}% 75
\BOOKMARK [1][-]{section.14}{\376\377\000X\000-\000F\000r\000a\000m\000e\000-\000O\000p\000t\000i\000o\000n\000s}{}% 76
\BOOKMARK [2][-]{subsection.14.1}{\376\377\000D\000i\000r\000e\000c\000t\000i\000v\000e\000s}{section.14}% 77
\BOOKMARK [3][-]{subsubsection.14.1.1}{\376\377\000D\000E\000N\000Y}{subsection.14.1}% 78
\BOOKMARK [3][-]{subsubsection.14.1.2}{\376\377\000S\000A\000M\000E\000O\000R\000I\000G\000I\000N}{subsection.14.1}% 79
\BOOKMARK [3][-]{subsubsection.14.1.3}{\376\377\000A\000L\000L\000O\000W\000-\000F\000R\000O\000M\000\040\000<\000u\000r\000i\000>}{subsection.14.1}% 80
\BOOKMARK [1][-]{section.15}{\376\377\000H\000T\000T\000P\000-\000P\000u\000b\000l\000i\000c\000-\000K\000e\000y\000-\000P\000i\000n\000s}{}% 81
\BOOKMARK [1][-]{section.16}{\376\377\000S\000t\000r\000i\000c\000t\000-\000T\000r\000a\000n\000s\000p\000o\000r\000t\000\040\000S\000e\000c\000u\000r\000i\000t\000y}{}% 82
\BOOKMARK [2][-]{subsection.16.1}{\376\377\000D\000i\000r\000e\000c\000t\000i\000v\000e\000s}{section.16}% 83
\BOOKMARK [3][-]{subsubsection.16.1.1}{\376\377\000m\000a\000x\000-\000a\000g\000e}{subsection.16.1}% 84
\BOOKMARK [3][-]{subsubsection.16.1.2}{\376\377\000i\000n\000c\000l\000u\000d\000e\000S\000u\000b\000D\000o\000m\000a\000i\000n\000s}{subsection.16.1}% 85
\BOOKMARK [3][-]{subsubsection.16.1.3}{\376\377\000p\000r\000e\000l\000o\000a\000d}{subsection.16.1}% 86
\BOOKMARK [1][-]{section.17}{\376\377\000H\000S\000T\000S\000\040\000P\000r\000e\000l\000o\000a\000d\000i\000n\000g}{}% 87
\BOOKMARK [1][-]{section.18}{\376\377\000s\000e\000c\000u\000r\000i\000t\000y\000.\000t\000x\000t}{}% 88
\BOOKMARK [1][-]{appendix.1.A}{\376\377\000T\000i\000t\000l\000e\000\040\000o\000f\000\040\000A\000p\000p\000e\000n\000d\000i\000x}{}% 89
